<?xml version="1.0" encoding="UTF-8"?>
<!-- Generated by org.testng.reporters.JUnitReportReporter -->
<testsuite hostname="DESKTOP-NHQ11B1" failures="0" tests="1" name="com.thinkbridge.testCases.TC_AccountCreationTest_001" time="35.622" errors="0" timestamp="2020-09-14T09:29:45 IST" skipped="0">
  <testcase classname="com.thinkbridge.testCases.TC_AccountCreationTest_001" name="accountCreationTest" time="35.622"/>
  <system-out/>
</testsuite> <!-- com.thinkbridge.testCases.TC_AccountCreationTest_001 -->
